<?xml version="1.0" encoding="UTF-8"?>
<!-- Generated by org.testng.reporters.JUnitReportReporter -->
<testsuite skipped="3" hostname="SL-1029" name="com.saucelabs.vdc.restapi.APITester" tests="4" failures="0" timestamp="17 Jan 2019 19:57:33 GMT" time="1.684" errors="0">
  <testcase name="testGetSauceTunnelIdentifier" time="1.684" classname="com.saucelabs.vdc.restapi.APITester"/>
  <testcase name="testGetSauceTunnels" classname="com.saucelabs.vdc.restapi.APITester">
    <skipped/>
  </testcase> <!-- testGetSauceTunnels -->
  <testcase name="testSauceUser" classname="com.saucelabs.vdc.restapi.APITester">
    <skipped/>
  </testcase> <!-- testSauceUser -->
  <testcase name="testGetShutDownTunnel" classname="com.saucelabs.vdc.restapi.APITester">
    <skipped/>
  </testcase> <!-- testGetShutDownTunnel -->
</testsuite> <!-- com.saucelabs.vdc.restapi.APITester -->
